<?xml version="1.0" encoding="UTF-8"?>
<!-- Generated by org.testng.reporters.JUnitXMLReporter -->
<testsuite ignored="0" hostname="DESKTOP-RE2P4SN" failures="1" tests="2" name="Command line test" time="0.085" errors="0" timestamp="18 Aug 2020 03:39:08 GMT">
  <testcase classname="com.gosecure.hiring.AppTest" name="add" time="0.021">
    <failure type="java.lang.AssertionError" message="expected [7] but found [5]">
      <![CDATA[java.lang.AssertionError: expected [7] but found [5]
at com.gosecure.hiring.AppTest.add(AppTest.java:14)
... Removed 40 stack frames]]>
    </failure>
  </testcase> <!-- add -->
  <testcase classname="com.gosecure.hiring.AppTest" name="sub" time="0.0">
    <skipped/>
  </testcase> <!-- sub -->
</testsuite> <!-- Command line test -->
